<?xml version="1.0" encoding="UTF-8"?>
<testsuite xmlns:xsi="http://www.w3.org/2001/XMLSchema-instance" xsi:noNamespaceSchemaLocation="https://maven.apache.org/surefire/maven-surefire-plugin/xsd/surefire-test-report.xsd" version="3.0.2" name="com.nexora.recordschema.insertrecord.InsertRecordE2ETest" time="0.115" tests="4" errors="0" skipped="0" failures="0">
  <properties>
[...]
</properties>
  <testcase name="shouldRejectRecordMissingRequiredColumn" classname="com.nexora.recordschema.insertrecord.InsertRecordE2ETest" time="0.025">
    <system-out><![CDATA[2026-02-14T14:20:25.270+01:00  INFO 52740 --- [nexora] [           main] t.c.s.AnnotationConfigContextLoaderUtils : Could not detect default configuration classes for test class [com.nexora.recordschema.insertrecord.InsertRecordE2ETest]: InsertRecordE2ETest does not declare any static, non-private, non-final, nested classes annotated with @Configuration.
2026-02-14T14:20:25.281+01:00  INFO 52740 --- [nexora] [           main] .b.t.c.SpringBootTestContextBootstrapper : Found @SpringBootConfiguration com.nexora.NexoraApplication for test class com.nexora.recordschema.insertrecord.InsertRecordE2ETest
2026-02-14T14:20:25.287+01:00 DEBUG 52740 --- [nexora] [           main] c.n.shared.command.CommandDispatcher     : Dispatching command: CreateRecordSchemaCommand with id: 67761c25-9166-46ca-bdb3-9db24533d4b8
2026-02-14T14:20:25.293+01:00 DEBUG 52740 --- [nexora] [           main] com.nexora.shared.event.EventPublisher   : Publishing event: RecordSchemaCreatedEvent with id: 1b976e62-ae14-46df-81c6-202a1ea41468
2026-02-14T14:20:25.299+01:00 DEBUG 52740 --- [nexora] [           main] com.nexora.shared.event.EventPublisher   : Publishing event: AgentAssignedEvent with id: 9f95b232-96d3-4ca4-ab73-f3b657327b95
2026-02-14T14:20:25.299+01:00  INFO 52740 --- [nexora] [           main] c.n.r.assignagent.AssignAgentPolicy      : Agent assigned to schema 'Orders' (a4072299-12b5-4b30-b539-667fd8fe9432)
2026-02-14T14:20:25.304+01:00 DEBUG 52740 --- [nexora] [           main] c.n.shared.command.CommandDispatcher     : Dispatching command: InsertRecordCommand with id: 4ac2b624-e9bc-4c34-b2ec-8dc17c79f758
]]></system-out>
  </testcase>
  <testcase name="shouldInsertValidRecord" classname="com.nexora.recordschema.insertrecord.InsertRecordE2ETest" time="0.044">
    <system-out><![CDATA[2026-02-14T14:20:25.314+01:00 DEBUG 52740 --- [nexora] [           main] c.n.shared.command.CommandDispatcher     : Dispatching command: CreateRecordSchemaCommand with id: 7e9cff20-f125-4174-a81c-46fbfd22db41
2026-02-14T14:20:25.318+01:00 DEBUG 52740 --- [nexora] [           main] com.nexora.shared.event.EventPublisher   : Publishing event: RecordSchemaCreatedEvent with id: 2fe1beb8-645a-4249-990a-58a1411c0c71
2026-02-14T14:20:25.323+01:00 DEBUG 52740 --- [nexora] [           main] com.nexora.shared.event.EventPublisher   : Publishing event: AgentAssignedEvent with id: 00cfed33-b7c0-4782-b195-8ab55fc50735
2026-02-14T14:20:25.323+01:00  INFO 52740 --- [nexora] [           main] c.n.r.assignagent.AssignAgentPolicy      : Agent assigned to schema 'Products' (73854585-7318-4609-a482-bba1ddf759bd)
2026-02-14T14:20:25.327+01:00 DEBUG 52740 --- [nexora] [           main] c.n.shared.command.CommandDispatcher     : Dispatching command: InsertRecordCommand with id: 83fc6637-c605-4858-ad7b-f9f128473da5
2026-02-14T14:20:25.345+01:00 DEBUG 52740 --- [nexora] [           main] com.nexora.shared.event.EventPublisher   : Publishing event: RecordInsertedEvent with id: 39ba40e0-2a6d-442a-a706-a392d4cba58e
]]></system-out>
  </testcase>
  <testcase name="shouldRejectRecordForNonExistentSchema" classname="com.nexora.recordschema.insertrecord.InsertRecordE2ETest" time="0.006"/>
  <testcase name="shouldRejectRecordWithUnknownColumn" classname="com.nexora.recordschema.insertrecord.InsertRecordE2ETest" time="0.021">
    <system-out><![CDATA[2026-02-14T14:20:25.366+01:00 DEBUG 52740 --- [nexora] [           main] c.n.shared.command.CommandDispatcher     : Dispatching command: CreateRecordSchemaCommand with id: 03663657-ca39-4221-bb34-76c69d688370
2026-02-14T14:20:25.370+01:00 DEBUG 52740 --- [nexora] [           main] com.nexora.shared.event.EventPublisher   : Publishing event: RecordSchemaCreatedEvent with id: 0e80f616-4fee-4e7f-997d-d34acdccf98a
2026-02-14T14:20:25.376+01:00 DEBUG 52740 --- [nexora] [           main] com.nexora.shared.event.EventPublisher   : Publishing event: AgentAssignedEvent with id: 8ecf8ceb-6b3e-4fa8-a055-b55fb502fc5b
2026-02-14T14:20:25.377+01:00  INFO 52740 --- [nexora] [           main] c.n.r.assignagent.AssignAgentPolicy      : Agent assigned to schema 'Tasks' (8553ed80-af8f-44a8-98b2-7fe21d34c7c0)
2026-02-14T14:20:25.380+01:00 DEBUG 52740 --- [nexora] [           main] c.n.shared.command.CommandDispatcher     : Dispatching command: InsertRecordCommand with id: 37fd7776-a8a0-40e5-9938-a854dbea4be9
]]></system-out>
  </testcase>
</testsuite>