<?xml version="1.0" encoding="UTF-8"?>
<testsuite xmlns:xsi="http://www.w3.org/2001/XMLSchema-instance" xsi:noNamespaceSchemaLocation="https://maven.apache.org/surefire/maven-surefire-plugin/xsd/surefire-test-report.xsd" version="3.0.2" name="com.nexora.recordschema.createrecordschema.CreateRecordSchemaE2ETest" time="0.04" tests="2" errors="0" skipped="0" failures="0">
  <properties>
[...]
</properties>
  <testcase name="shouldCreateRecordSchemaWithAllOperationsEnabled" classname="com.nexora.recordschema.createrecordschema.CreateRecordSchemaE2ETest" time="0.013">
    <system-out><![CDATA[2026-02-14T14:20:25.775+01:00  INFO 52740 --- [nexora] [           main] t.c.s.AnnotationConfigContextLoaderUtils : Could not detect default configuration classes for test class [com.nexora.recordschema.createrecordschema.CreateRecordSchemaE2ETest]: CreateRecordSchemaE2ETest does not declare any static, non-private, non-final, nested classes annotated with @Configuration.
2026-02-14T14:20:25.783+01:00  INFO 52740 --- [nexora] [           main] .b.t.c.SpringBootTestContextBootstrapper : Found @SpringBootConfiguration com.nexora.NexoraApplication for test class com.nexora.recordschema.createrecordschema.CreateRecordSchemaE2ETest
2026-02-14T14:20:25.787+01:00 DEBUG 52740 --- [nexora] [           main] c.n.shared.command.CommandDispatcher     : Dispatching command: CreateRecordSchemaCommand with id: a4462efb-2f04-4054-9dbf-fa48d1f8d3fd
2026-02-14T14:20:25.791+01:00 DEBUG 52740 --- [nexora] [           main] com.nexora.shared.event.EventPublisher   : Publishing event: RecordSchemaCreatedEvent with id: 3875735b-f109-4bac-917c-4a7c3b9fff00
2026-02-14T14:20:25.796+01:00 DEBUG 52740 --- [nexora] [           main] com.nexora.shared.event.EventPublisher   : Publishing event: AgentAssignedEvent with id: 628fd731-1d3a-4f21-9d19-70ea6c45d0ad
2026-02-14T14:20:25.796+01:00  INFO 52740 --- [nexora] [           main] c.n.r.assignagent.AssignAgentPolicy      : Agent assigned to schema 'Contracts' (f5bc7806-27dd-4c1e-a5c3-8bfae8890e6d)
]]></system-out>
  </testcase>
  <testcase name="shouldCreateRecordSchemaWithCustomAgentOperations" classname="com.nexora.recordschema.createrecordschema.CreateRecordSchemaE2ETest" time="0.014">
    <system-out><![CDATA[2026-02-14T14:20:25.802+01:00 DEBUG 52740 --- [nexora] [           main] c.n.shared.command.CommandDispatcher     : Dispatching command: CreateRecordSchemaCommand with id: 223be51f-f36e-4c3d-9236-b1299688c712
2026-02-14T14:20:25.805+01:00 DEBUG 52740 --- [nexora] [           main] com.nexora.shared.event.EventPublisher   : Publishing event: RecordSchemaCreatedEvent with id: fd214dd3-a088-49de-983b-d19d8f4aedfa
2026-02-14T14:20:25.811+01:00 DEBUG 52740 --- [nexora] [           main] com.nexora.shared.event.EventPublisher   : Publishing event: AgentAssignedEvent with id: 6672c931-240b-4991-8305-17d9a3962092
2026-02-14T14:20:25.812+01:00  INFO 52740 --- [nexora] [           main] c.n.r.assignagent.AssignAgentPolicy      : Agent assigned to schema 'ReadOnlyLedger' (5c065fd0-9608-4443-aa3c-e54e9ee2ad33)
]]></system-out>
  </testcase>
</testsuite>