<?xml version="1.0" encoding="UTF-8"?>
<testsuite xmlns:xsi="http://www.w3.org/2001/XMLSchema-instance" xsi:noNamespaceSchemaLocation="https://maven.apache.org/surefire/maven-surefire-plugin/xsd/surefire-test-report.xsd" version="3.0.2" name="com.nexora.recordschema.query.RecordQueryE2ETest" time="7.852" tests="6" errors="0" skipped="0" failures="0">
  <properties>
[...]
</properties>
  <testcase name="shouldReturnInsertedRecords" classname="com.nexora.recordschema.query.RecordQueryE2ETest" time="1.048">
    <system-out><![CDATA[14:20:17.456 [main] INFO org.springframework.test.context.support.AnnotationConfigContextLoaderUtils -- Could not detect default configuration classes for test class [com.nexora.recordschema.query.RecordQueryE2ETest]: RecordQueryE2ETest does not declare any static, non-private, non-final, nested classes annotated with @Configuration.
14:20:17.662 [main] INFO org.springframework.boot.test.context.SpringBootTestContextBootstrapper -- Found @SpringBootConfiguration com.nexora.NexoraApplication for test class com.nexora.recordschema.query.RecordQueryE2ETest
14:20:17.803 [main] INFO org.testcontainers.images.PullPolicy -- Image pull policy will be performed by: DefaultPullPolicy()
14:20:17.806 [main] INFO org.testcontainers.utility.ImageNameSubstitutor -- Image name substitution will be performed by: DefaultImageNameSubstitutor (composite of 'ConfigurationFileImageNameSubstitutor' and 'PrefixingImageNameSubstitutor')
14:20:17.827 [main] INFO org.testcontainers.DockerClientFactory -- Testcontainers version: 1.21.4
14:20:18.073 [main] INFO org.testcontainers.dockerclient.DockerClientProviderStrategy -- Loaded org.testcontainers.dockerclient.UnixSocketClientProviderStrategy from ~/.testcontainers.properties, will try it first
14:20:18.333 [main] INFO org.testcontainers.dockerclient.DockerClientProviderStrategy -- Found Docker environment with local Unix socket (unix:///var/run/docker.sock)
14:20:18.334 [main] INFO org.testcontainers.DockerClientFactory -- Docker host IP address is localhost
14:20:18.352 [main] INFO org.testcontainers.DockerClientFactory -- Connected to docker: 
  Server Version: 28.4.0
  API Version: 1.51
  Operating System: Debian GNU/Linux 12 (bookworm)
  Total Memory: 15208 MB
14:20:18.380 [main] INFO tc.testcontainers/ryuk:0.12.0 -- Creating container for image: testcontainers/ryuk:0.12.0
14:20:18.407 [main] INFO org.testcontainers.utility.RegistryAuthLocator -- Credential helper/store (docker-credential-desktop) does not have credentials for https://index.docker.io/v1/
14:20:18.550 [main] INFO tc.testcontainers/ryuk:0.12.0 -- Container testcontainers/ryuk:0.12.0 is starting: 1b912758dca2aa4fbcecedc3029621cc59aafae387b7c660592355357cbb8f07
14:20:18.843 [main] INFO tc.testcontainers/ryuk:0.12.0 -- Container testcontainers/ryuk:0.12.0 started in PT0.463134178S
14:20:18.850 [main] INFO org.testcontainers.utility.RyukResourceReaper -- Ryuk started - will monitor and terminate Testcontainers containers on JVM exit
14:20:18.850 [main] INFO org.testcontainers.DockerClientFactory -- Checking the system...
14:20:18.851 [main] INFO org.testcontainers.DockerClientFactory -- ✔︎ Docker server version should be at least 1.6.0
14:20:18.851 [main] INFO tc.mongo:8 -- Creating container for image: mongo:8
14:20:18.885 [main] INFO tc.mongo:8 -- Container mongo:8 is starting: c6149eecc930de26bca2cb415bd45becc04d848c5b9bd8fd2ab7398593aa1725
14:20:19.325 [main] INFO tc.mongo:8 -- Container mongo:8 started in PT0.474066432S
14:20:20.571 [main] INFO org.springframework.boot.devtools.restart.RestartApplicationListener -- Restart disabled due to context in which it is running

  .   ____          _            __ _ _
 /\\ / ___'_ __ _ _(_)_ __  __ _ \ \ \ \
( ( )\___ | '_ | '_| | '_ \/ _` | \ \ \ \
 \\/  ___)| |_)| | | | | || (_| |  ) ) ) )
  '  |____| .__|_| |_|_| |_\__, | / / / /
 =========|_|==============|___/=/_/_/_/

 :: Spring Boot ::               (v3.5.10)

2026-02-14T14:20:20.921+01:00  INFO 52740 --- [nexora] [           main] c.n.r.query.RecordQueryE2ETest           : Starting RecordQueryE2ETest using Java 25 with PID 52740 (started by xkollar3 in /home/xkollar3/projects/agrp-proj)
2026-02-14T14:20:20.922+01:00 DEBUG 52740 --- [nexora] [           main] c.n.r.query.RecordQueryE2ETest           : Running with Spring Boot v3.5.10, Spring v6.2.15
2026-02-14T14:20:20.923+01:00  INFO 52740 --- [nexora] [           main] c.n.r.query.RecordQueryE2ETest           : No active profile set, falling back to 1 default profile: "default"
2026-02-14T14:20:21.657+01:00  INFO 52740 --- [nexora] [           main] .s.d.r.c.RepositoryConfigurationDelegate : Bootstrapping Spring Data MongoDB repositories in DEFAULT mode.
2026-02-14T14:20:21.799+01:00  INFO 52740 --- [nexora] [           main] .s.d.r.c.RepositoryConfigurationDelegate : Finished Spring Data repository scanning in 133 ms. Found 1 MongoDB repository interface.
2026-02-14T14:20:22.050+01:00 DEBUG 52740 --- [nexora] [           main] .c.EventExternalizationAutoConfiguration : Configuring event externalization to export events annotated with @Externalized in packages: [com.nexora]
2026-02-14T14:20:22.110+01:00  WARN 52740 --- [nexora] [           main] trationDelegate$BeanPostProcessorChecker : Bean 'org.springframework.ai.mcp.server.common.autoconfigure.annotations.McpServerAnnotationScannerAutoConfiguration' of type [org.springframework.ai.mcp.server.common.autoconfigure.annotations.McpServerAnnotationScannerAutoConfiguration] is not eligible for getting processed by all BeanPostProcessors (for example: not eligible for auto-proxying). Is this bean getting eagerly injected/applied to a currently created BeanPostProcessor [serverAnnotatedMethodBeanPostProcessor]? Check the corresponding BeanPostProcessor declaration and its dependencies/advisors. If this bean does not have to be post-processed, declare it with ROLE_INFRASTRUCTURE.
2026-02-14T14:20:22.136+01:00  WARN 52740 --- [nexora] [           main] trationDelegate$BeanPostProcessorChecker : Bean 'serverAnnotatedBeanRegistry' of type [org.springframework.ai.mcp.server.common.autoconfigure.annotations.McpServerAnnotationScannerAutoConfiguration$ServerMcpAnnotatedBeans] is not eligible for getting processed by all BeanPostProcessors (for example: not eligible for auto-proxying). Is this bean getting eagerly injected/applied to a currently created BeanPostProcessor [serverAnnotatedMethodBeanPostProcessor]? Check the corresponding BeanPostProcessor declaration and its dependencies/advisors. If this bean does not have to be post-processed, declare it with ROLE_INFRASTRUCTURE.
2026-02-14T14:20:22.146+01:00  WARN 52740 --- [nexora] [           main] trationDelegate$BeanPostProcessorChecker : Bean 'spring.ai.mcp.server.annotation-scanner-org.springframework.ai.mcp.server.common.autoconfigure.annotations.McpServerAnnotationScannerProperties' of type [org.springframework.ai.mcp.server.common.autoconfigure.annotations.McpServerAnnotationScannerProperties] is not eligible for getting processed by all BeanPostProcessors (for example: not eligible for auto-proxying). Is this bean getting eagerly injected/applied to a currently created BeanPostProcessor [serverAnnotatedMethodBeanPostProcessor]? Check the corresponding BeanPostProcessor declaration and its dependencies/advisors. If this bean does not have to be post-processed, declare it with ROLE_INFRASTRUCTURE.
2026-02-14T14:20:22.394+01:00  INFO 52740 --- [nexora] [           main] org.mongodb.driver.client                : MongoClient with metadata {"driver": {"name": "mongo-java-driver|sync|spring-boot", "version": "5.5.2"}, "os": {"type": "Linux", "name": "Linux", "architecture": "amd64", "version": "6.1.0-40-amd64"}, "platform": "Java/Eclipse Adoptium/25+36-LTS"} created with settings MongoClientSettings{readPreference=primary, writeConcern=WriteConcern{w=null, wTimeout=null ms, journal=null}, retryWrites=true, retryReads=true, readConcern=ReadConcern{level=null}, credential=null, transportSettings=null, commandListeners=[], codecRegistry=ProvidersCodecRegistry{codecProviders=[ValueCodecProvider{}, BsonValueCodecProvider{}, DBRefCodecProvider{}, DBObjectCodecProvider{}, DocumentCodecProvider{}, CollectionCodecProvider{}, IterableCodecProvider{}, MapCodecProvider{}, GeoJsonCodecProvider{}, GridFSFileCodecProvider{}, Jsr310CodecProvider{}, JsonObjectCodecProvider{}, BsonCodecProvider{}, EnumCodecProvider{}, com.mongodb.client.model.mql.ExpressionCodecProvider@4e951fb1, com.mongodb.Jep395RecordCodecProvider@1b317e7d, com.mongodb.KotlinCodecProvider@1bb4c431]}, loggerSettings=LoggerSettings{maxDocumentLength=1000}, clusterSettings={hosts=[localhost:32818], srvServiceName=mongodb, mode=SINGLE, requiredClusterType=UNKNOWN, requiredReplicaSetName='null', serverSelector='null', clusterListeners='[]', serverSelectionTimeout='30000 ms', localThreshold='15 ms'}, socketSettings=SocketSettings{connectTimeoutMS=10000, readTimeoutMS=0, receiveBufferSize=0, proxySettings=ProxySettings{host=null, port=null, username=null, password=null}}, heartbeatSocketSettings=SocketSettings{connectTimeoutMS=10000, readTimeoutMS=10000, receiveBufferSize=0, proxySettings=ProxySettings{host=null, port=null, username=null, password=null}}, connectionPoolSettings=ConnectionPoolSettings{maxSize=100, minSize=0, maxWaitTimeMS=120000, maxConnectionLifeTimeMS=0, maxConnectionIdleTimeMS=0, maintenanceInitialDelayMS=0, maintenanceFrequencyMS=60000, connectionPoolListeners=[], maxConnecting=2}, serverSettings=ServerSettings{heartbeatFrequencyMS=10000, minHeartbeatFrequencyMS=500, serverMonitoringMode=AUTO, serverListeners='[]', serverMonitorListeners='[]'}, sslSettings=SslSettings{enabled=false, invalidHostNameAllowed=false, context=null}, applicationName='null', compressorList=[], uuidRepresentation=JAVA_LEGACY, serverApi=null, autoEncryptionSettings=null, dnsClient=null, inetAddressResolver=null, contextProvider=null, timeoutMS=null}
2026-02-14T14:20:22.432+01:00  INFO 52740 --- [nexora] [localhost:32818] org.mongodb.driver.cluster               : Monitor thread successfully connected to server with description ServerDescription{address=localhost:32818, type=REPLICA_SET_PRIMARY, cryptd=false, state=CONNECTED, ok=true, minWireVersion=0, maxWireVersion=27, maxDocumentSize=16777216, logicalSessionTimeoutMinutes=30, roundTripTimeNanos=22319387, minRoundTripTimeNanos=0, setName='docker-rs', canonicalAddress=c6149eecc930:27017, hosts=[c6149eecc930:27017], passives=[], arbiters=[], primary='c6149eecc930:27017', tagSet=TagSet{[]}, electionId=7fffffff0000000000000001, setVersion=1, topologyVersion=TopologyVersion{processId=6990769343aab159b10f61b3, counter=6}, lastWriteDate=Sat Feb 14 14:20:20 CET 2026, lastUpdateTimeNanos=13747590768917}
2026-02-14T14:20:22.774+01:00  INFO 52740 --- [nexora] [           main] c.n.shared.command.CommandDispatcher     : Registered command handler: CreateRecordSchemaHandler for command: CreateRecordSchemaCommand
2026-02-14T14:20:22.775+01:00  INFO 52740 --- [nexora] [           main] c.n.shared.command.CommandDispatcher     : Registered command handler: CustomizeAgentHandler for command: CustomizeAgentCommand
2026-02-14T14:20:22.775+01:00  INFO 52740 --- [nexora] [           main] c.n.shared.command.CommandDispatcher     : Registered command handler: DeleteRecordHandler for command: DeleteRecordCommand
2026-02-14T14:20:22.775+01:00  INFO 52740 --- [nexora] [           main] c.n.shared.command.CommandDispatcher     : Registered command handler: InsertRecordHandler for command: InsertRecordCommand
2026-02-14T14:20:22.775+01:00  INFO 52740 --- [nexora] [           main] c.n.shared.command.CommandDispatcher     : Registered command handler: UpdateRecordHandler for command: UpdateRecordCommand
2026-02-14T14:20:22.790+01:00  INFO 52740 --- [nexora] [           main] c.nexora.shared.query.QueryDispatcher    : Registered query handler: ListRecordsQueryHandler for query: ListRecordsQuery
2026-02-14T14:20:22.791+01:00  INFO 52740 --- [nexora] [           main] c.nexora.shared.query.QueryDispatcher    : Registered query handler: ListSchemasQueryHandler for query: ListSchemasQuery
2026-02-14T14:20:22.798+01:00  INFO 52740 --- [nexora] [           main] com.nexora.shared.mcp.ToolRegistration   : Registered 2 providers
2026-02-14T14:20:22.801+01:00  WARN 52740 --- [nexora] [           main] o.s.a.t.m.MethodToolCallbackProvider     : Method listRecords is annotated with @Tool but returns a functional type. This is not supported and the method will be ignored.
2026-02-14T14:20:22.876+01:00  WARN 52740 --- [nexora] [           main] o.s.a.t.m.MethodToolCallbackProvider     : Method listRecords is annotated with @Tool but returns a functional type. This is not supported and the method will be ignored.
2026-02-14T14:20:23.409+01:00  WARN 52740 --- [nexora] [           main] o.s.a.t.m.MethodToolCallbackProvider     : Method listRecords is annotated with @Tool but returns a functional type. This is not supported and the method will be ignored.
2026-02-14T14:20:23.468+01:00  WARN 52740 --- [nexora] [           main] o.s.m.provider.tool.SyncMcpToolProvider  : No tool methods found in the provided tool objects: []
2026-02-14T14:20:23.482+01:00  INFO 52740 --- [nexora] [           main] o.s.a.m.s.c.a.McpServerAutoConfiguration : Enable tools capabilities, notification: true
2026-02-14T14:20:23.483+01:00  INFO 52740 --- [nexora] [           main] o.s.a.m.s.c.a.McpServerAutoConfiguration : Registered tools: 1
2026-02-14T14:20:23.484+01:00  INFO 52740 --- [nexora] [           main] o.s.a.m.s.c.a.McpServerAutoConfiguration : Enable resources capabilities, notification: true
2026-02-14T14:20:23.484+01:00  INFO 52740 --- [nexora] [           main] o.s.a.m.s.c.a.McpServerAutoConfiguration : Enable resources templates capabilities, notification: true
2026-02-14T14:20:23.485+01:00  INFO 52740 --- [nexora] [           main] o.s.a.m.s.c.a.McpServerAutoConfiguration : Enable prompts capabilities, notification: true
2026-02-14T14:20:23.486+01:00  INFO 52740 --- [nexora] [           main] o.s.a.m.s.c.a.McpServerAutoConfiguration : Enable completions capabilities
2026-02-14T14:20:23.662+01:00  INFO 52740 --- [nexora] [           main] o.s.b.t.m.w.SpringBootMockServletContext : Initializing Spring TestDispatcherServlet ''
2026-02-14T14:20:23.662+01:00  INFO 52740 --- [nexora] [           main] o.s.t.web.servlet.TestDispatcherServlet  : Initializing Servlet ''
2026-02-14T14:20:23.664+01:00  INFO 52740 --- [nexora] [           main] o.s.t.web.servlet.TestDispatcherServlet  : Completed initialization in 1 ms
2026-02-14T14:20:23.769+01:00  INFO 52740 --- [nexora] [           main] o.s.s.config.TaskSchedulerRouter         : No TaskScheduler/ScheduledExecutorService bean found for scheduled processing
2026-02-14T14:20:23.774+01:00  INFO 52740 --- [nexora] [           main] c.n.r.query.RecordQueryE2ETest           : Started RecordQueryE2ETest in 3.22 seconds (process running for 7.216)
2026-02-14T14:20:24.510+01:00 DEBUG 52740 --- [nexora] [           main] c.n.shared.command.CommandDispatcher     : Dispatching command: CreateRecordSchemaCommand with id: a5e40b6a-a3ee-4075-ab59-ebfc0b177e52
2026-02-14T14:20:24.618+01:00 DEBUG 52740 --- [nexora] [           main] com.nexora.shared.event.EventPublisher   : Publishing event: RecordSchemaCreatedEvent with id: f7ed7536-bc30-4b01-be19-deb8f0fffdc2
2026-02-14T14:20:24.670+01:00 DEBUG 52740 --- [nexora] [           main] com.nexora.shared.event.EventPublisher   : Publishing event: AgentAssignedEvent with id: dfeadd2e-006c-4e7d-ade7-ac2d35192b34
2026-02-14T14:20:24.670+01:00  INFO 52740 --- [nexora] [           main] c.n.r.assignagent.AssignAgentPolicy      : Agent assigned to schema 'Contacts' (2526a29b-6997-4d42-811a-c9e23e66b53a)
2026-02-14T14:20:24.715+01:00 DEBUG 52740 --- [nexora] [           main] c.n.shared.command.CommandDispatcher     : Dispatching command: InsertRecordCommand with id: 2d95d12b-159e-4283-a047-cce64c15900f
2026-02-14T14:20:24.743+01:00 DEBUG 52740 --- [nexora] [           main] com.nexora.shared.event.EventPublisher   : Publishing event: RecordInsertedEvent with id: 885f16cd-92cb-4a42-98d0-74599050a0fb
2026-02-14T14:20:24.748+01:00 DEBUG 52740 --- [nexora] [           main] c.n.shared.command.CommandDispatcher     : Dispatching command: InsertRecordCommand with id: 5ca9d9e6-7c42-44a6-a72f-50e6484e1c82
2026-02-14T14:20:24.755+01:00 DEBUG 52740 --- [nexora] [           main] com.nexora.shared.event.EventPublisher   : Publishing event: RecordInsertedEvent with id: 712fe482-e03e-4da2-9732-325cd9e23483
2026-02-14T14:20:24.764+01:00 DEBUG 52740 --- [nexora] [           main] c.nexora.shared.query.QueryDispatcher    : Dispatching query: ListRecordsQuery
2026-02-14T14:20:24.782+01:00  WARN 52740 --- [nexora] [           main] ration$PageModule$WarningLoggingModifier : Serializing PageImpl instances as-is is not supported, meaning that there is no guarantee about the stability of the resulting JSON structure!
	For a stable JSON structure, please use Spring Data's PagedModel (globally via @EnableSpringDataWebSupport(pageSerializationMode = VIA_DTO))
	or Spring HATEOAS and Spring Data's PagedResourcesAssembler as documented in https://docs.spring.io/spring-data/commons/reference/repositories/core-extensions.html#core.web.pageables.

]]></system-out>
    <system-err><![CDATA[Mockito is currently self-attaching to enable the inline-mock-maker. This will no longer work in future releases of the JDK. Please add Mockito as an agent to your build as described in Mockito's documentation: https://javadoc.io/doc/org.mockito/mockito-core/latest/org.mockito/org/mockito/Mockito.html#0.3
WARNING: A Java agent has been loaded dynamically (/home/xkollar3/.m2/repository/net/bytebuddy/byte-buddy-agent/1.17.8/byte-buddy-agent-1.17.8.jar)
WARNING: If a serviceability tool is in use, please run with -XX:+EnableDynamicAgentLoading to hide this warning
WARNING: If a serviceability tool is not in use, please run with -Djdk.instrument.traceUsage for more information
WARNING: Dynamic loading of agents will be disallowed by default in a future release
]]></system-err>
  </testcase>
  <testcase name="shouldNotReturnRecordsFromOtherSchemas" classname="com.nexora.recordschema.query.RecordQueryE2ETest" time="0.101">
    <system-out><![CDATA[2026-02-14T14:20:24.841+01:00 DEBUG 52740 --- [nexora] [           main] c.n.shared.command.CommandDispatcher     : Dispatching command: CreateRecordSchemaCommand with id: 3237a599-83ee-48d1-8c84-90671394a7aa
2026-02-14T14:20:24.847+01:00 DEBUG 52740 --- [nexora] [           main] com.nexora.shared.event.EventPublisher   : Publishing event: RecordSchemaCreatedEvent with id: 50595d7c-9247-4c94-93e8-df8cf8e07c40
2026-02-14T14:20:24.853+01:00 DEBUG 52740 --- [nexora] [           main] com.nexora.shared.event.EventPublisher   : Publishing event: AgentAssignedEvent with id: 6cdf739c-d177-4996-90e9-983a11002f80
2026-02-14T14:20:24.854+01:00  INFO 52740 --- [nexora] [           main] c.n.r.assignagent.AssignAgentPolicy      : Agent assigned to schema 'Cats' (64ea4eb3-0d53-4694-8a70-d9b2aad589da)
2026-02-14T14:20:24.856+01:00 DEBUG 52740 --- [nexora] [           main] c.n.shared.command.CommandDispatcher     : Dispatching command: CreateRecordSchemaCommand with id: 6009cbd0-7177-4865-b8ca-55c7d2c3e2b3
2026-02-14T14:20:24.861+01:00 DEBUG 52740 --- [nexora] [           main] com.nexora.shared.event.EventPublisher   : Publishing event: RecordSchemaCreatedEvent with id: 13ca878b-b896-4a26-8df8-c5160f80d843
2026-02-14T14:20:24.869+01:00 DEBUG 52740 --- [nexora] [           main] com.nexora.shared.event.EventPublisher   : Publishing event: AgentAssignedEvent with id: 70a7d4a8-2df7-4af3-a3c2-ac690bb0fb1d
2026-02-14T14:20:24.869+01:00  INFO 52740 --- [nexora] [           main] c.n.r.assignagent.AssignAgentPolicy      : Agent assigned to schema 'Dogs' (bcbedfad-34f5-40dc-ae08-4eda91727189)
2026-02-14T14:20:24.874+01:00 DEBUG 52740 --- [nexora] [           main] c.n.shared.command.CommandDispatcher     : Dispatching command: InsertRecordCommand with id: b0783cd2-22f6-4a17-a730-71974f2005e5
2026-02-14T14:20:24.893+01:00 DEBUG 52740 --- [nexora] [           main] com.nexora.shared.event.EventPublisher   : Publishing event: RecordInsertedEvent with id: 4c4fc3c8-6c28-4753-b567-7944ab821037
2026-02-14T14:20:24.897+01:00 DEBUG 52740 --- [nexora] [           main] c.n.shared.command.CommandDispatcher     : Dispatching command: InsertRecordCommand with id: c29a06ac-9707-43e6-a1f4-bbe28a9d5c39
2026-02-14T14:20:24.919+01:00 DEBUG 52740 --- [nexora] [           main] com.nexora.shared.event.EventPublisher   : Publishing event: RecordInsertedEvent with id: 39911192-3c5c-4655-8b31-8f698b782b54
2026-02-14T14:20:24.923+01:00 DEBUG 52740 --- [nexora] [           main] c.n.shared.command.CommandDispatcher     : Dispatching command: InsertRecordCommand with id: 2f807076-2f40-4546-b435-7a1625e7eb07
2026-02-14T14:20:24.928+01:00 DEBUG 52740 --- [nexora] [           main] com.nexora.shared.event.EventPublisher   : Publishing event: RecordInsertedEvent with id: 197fe64e-4b44-47dc-a1f7-c2714fddd12b
2026-02-14T14:20:24.932+01:00 DEBUG 52740 --- [nexora] [           main] c.nexora.shared.query.QueryDispatcher    : Dispatching query: ListRecordsQuery
]]></system-out>
  </testcase>
  <testcase name="shouldReturnEmptyPageForSchemaWithNoRecords" classname="com.nexora.recordschema.query.RecordQueryE2ETest" time="0.025">
    <system-out><![CDATA[2026-02-14T14:20:24.943+01:00 DEBUG 52740 --- [nexora] [           main] c.n.shared.command.CommandDispatcher     : Dispatching command: CreateRecordSchemaCommand with id: 5b49a501-67e5-4b2c-9830-3c352d5fae39
2026-02-14T14:20:24.949+01:00 DEBUG 52740 --- [nexora] [           main] com.nexora.shared.event.EventPublisher   : Publishing event: RecordSchemaCreatedEvent with id: 6a1a4c9a-8d40-42cc-a9a6-11f1d6fe3c45
2026-02-14T14:20:24.955+01:00 DEBUG 52740 --- [nexora] [           main] com.nexora.shared.event.EventPublisher   : Publishing event: AgentAssignedEvent with id: 79763ae1-c384-4f95-b3c4-134e1e62b74c
2026-02-14T14:20:24.955+01:00  INFO 52740 --- [nexora] [           main] c.n.r.assignagent.AssignAgentPolicy      : Agent assigned to schema 'Empty' (87aaa147-887a-46e4-84b8-02685aa16361)
2026-02-14T14:20:24.959+01:00 DEBUG 52740 --- [nexora] [           main] c.nexora.shared.query.QueryDispatcher    : Dispatching query: ListRecordsQuery
]]></system-out>
  </testcase>
  <testcase name="shouldFilterRecordsWithMongoQuery" classname="com.nexora.recordschema.query.RecordQueryE2ETest" time="0.076">
    <system-out><![CDATA[2026-02-14T14:20:24.969+01:00 DEBUG 52740 --- [nexora] [           main] c.n.shared.command.CommandDispatcher     : Dispatching command: CreateRecordSchemaCommand with id: 75e9d239-a9f6-4af3-be20-640042071f50
2026-02-14T14:20:24.973+01:00 DEBUG 52740 --- [nexora] [           main] com.nexora.shared.event.EventPublisher   : Publishing event: RecordSchemaCreatedEvent with id: 9da1f7c6-816a-49b8-9ec1-527a629a71a5
2026-02-14T14:20:24.980+01:00 DEBUG 52740 --- [nexora] [           main] com.nexora.shared.event.EventPublisher   : Publishing event: AgentAssignedEvent with id: 4110b281-830b-4690-856c-27dce102cef8
2026-02-14T14:20:24.981+01:00  INFO 52740 --- [nexora] [           main] c.n.r.assignagent.AssignAgentPolicy      : Agent assigned to schema 'Metrics' (d608cf38-48a8-4496-90cc-74737d7a664a)
2026-02-14T14:20:24.985+01:00 DEBUG 52740 --- [nexora] [           main] c.n.shared.command.CommandDispatcher     : Dispatching command: InsertRecordCommand with id: 0f08f878-6e23-4b4d-be5e-85655d1fa12b
2026-02-14T14:20:25.004+01:00 DEBUG 52740 --- [nexora] [           main] com.nexora.shared.event.EventPublisher   : Publishing event: RecordInsertedEvent with id: 5be0726a-9157-4636-a73c-ab4e7087965f
2026-02-14T14:20:25.008+01:00 DEBUG 52740 --- [nexora] [           main] c.n.shared.command.CommandDispatcher     : Dispatching command: InsertRecordCommand with id: beb139fd-4e81-40bd-a3fd-3eb92255c2f8
2026-02-14T14:20:25.014+01:00 DEBUG 52740 --- [nexora] [           main] com.nexora.shared.event.EventPublisher   : Publishing event: RecordInsertedEvent with id: bac9afaa-f4da-47ae-b722-c2f44f3aa900
2026-02-14T14:20:25.019+01:00 DEBUG 52740 --- [nexora] [           main] c.n.shared.command.CommandDispatcher     : Dispatching command: InsertRecordCommand with id: 5d3fe9b9-1c92-49a8-ac11-c1fd93eb5968
2026-02-14T14:20:25.024+01:00 DEBUG 52740 --- [nexora] [           main] com.nexora.shared.event.EventPublisher   : Publishing event: RecordInsertedEvent with id: a330920c-c4c1-45ee-b34e-a60265a3ba41
2026-02-14T14:20:25.028+01:00 DEBUG 52740 --- [nexora] [           main] c.nexora.shared.query.QueryDispatcher    : Dispatching query: ListRecordsQuery
]]></system-out>
  </testcase>
  <testcase name="shouldPaginateResults" classname="com.nexora.recordschema.query.RecordQueryE2ETest" time="0.098">
    <system-out><![CDATA[2026-02-14T14:20:25.046+01:00 DEBUG 52740 --- [nexora] [           main] c.n.shared.command.CommandDispatcher     : Dispatching command: CreateRecordSchemaCommand with id: b9c0abb0-6ffd-47cf-a1f1-51a61fa29924
2026-02-14T14:20:25.052+01:00 DEBUG 52740 --- [nexora] [           main] com.nexora.shared.event.EventPublisher   : Publishing event: RecordSchemaCreatedEvent with id: 174dacfb-f4c1-48a8-81b4-f6feef84d455
2026-02-14T14:20:25.058+01:00 DEBUG 52740 --- [nexora] [           main] com.nexora.shared.event.EventPublisher   : Publishing event: AgentAssignedEvent with id: e7ccccaa-730e-4db6-b92a-9b40c7441204
2026-02-14T14:20:25.058+01:00  INFO 52740 --- [nexora] [           main] c.n.r.assignagent.AssignAgentPolicy      : Agent assigned to schema 'Logs' (4ed58a67-3d76-4db4-a471-3c2d1ad97892)
2026-02-14T14:20:25.062+01:00 DEBUG 52740 --- [nexora] [           main] c.n.shared.command.CommandDispatcher     : Dispatching command: InsertRecordCommand with id: d0d26001-90a5-43dc-aaa8-98f7f14e7a93
2026-02-14T14:20:25.081+01:00 DEBUG 52740 --- [nexora] [           main] com.nexora.shared.event.EventPublisher   : Publishing event: RecordInsertedEvent with id: d01bb121-4457-4264-ba53-8296763c8f52
2026-02-14T14:20:25.085+01:00 DEBUG 52740 --- [nexora] [           main] c.n.shared.command.CommandDispatcher     : Dispatching command: InsertRecordCommand with id: 9db5eb12-bd27-4a33-a750-8ab3eae87311
2026-02-14T14:20:25.090+01:00 DEBUG 52740 --- [nexora] [           main] com.nexora.shared.event.EventPublisher   : Publishing event: RecordInsertedEvent with id: a6369b96-3652-4514-9fd9-805c63813832
2026-02-14T14:20:25.094+01:00 DEBUG 52740 --- [nexora] [           main] c.n.shared.command.CommandDispatcher     : Dispatching command: InsertRecordCommand with id: 1e374be3-d341-4a6f-ace6-8e6d9ee7aa45
2026-02-14T14:20:25.100+01:00 DEBUG 52740 --- [nexora] [           main] com.nexora.shared.event.EventPublisher   : Publishing event: RecordInsertedEvent with id: f6f584f3-7038-4df7-bcd8-fa9415866408
2026-02-14T14:20:25.107+01:00 DEBUG 52740 --- [nexora] [           main] c.n.shared.command.CommandDispatcher     : Dispatching command: InsertRecordCommand with id: 5f397133-b12f-4c14-af1e-20b3aadbd534
2026-02-14T14:20:25.114+01:00 DEBUG 52740 --- [nexora] [           main] com.nexora.shared.event.EventPublisher   : Publishing event: RecordInsertedEvent with id: f0caa62d-3faf-4437-a440-ea9a6acf66a8
2026-02-14T14:20:25.118+01:00 DEBUG 52740 --- [nexora] [           main] c.n.shared.command.CommandDispatcher     : Dispatching command: InsertRecordCommand with id: e59eeb85-d9d2-4d28-bb38-79912892af58
2026-02-14T14:20:25.124+01:00 DEBUG 52740 --- [nexora] [           main] com.nexora.shared.event.EventPublisher   : Publishing event: RecordInsertedEvent with id: 5b4d8218-2438-4833-b9d9-db26af793a00
2026-02-14T14:20:25.128+01:00 DEBUG 52740 --- [nexora] [           main] c.nexora.shared.query.QueryDispatcher    : Dispatching query: ListRecordsQuery
2026-02-14T14:20:25.135+01:00 DEBUG 52740 --- [nexora] [           main] c.nexora.shared.query.QueryDispatcher    : Dispatching query: ListRecordsQuery
]]></system-out>
  </testcase>
  <testcase name="shouldReturn404ForNonExistentSchema" classname="com.nexora.recordschema.query.RecordQueryE2ETest" time="0.011"/>
</testsuite>