<?xml version="1.0" encoding="UTF-8"?>
<testsuite xmlns:xsi="http://www.w3.org/2001/XMLSchema-instance" xsi:noNamespaceSchemaLocation="https://maven.apache.org/surefire/maven-surefire-plugin/xsd/surefire-test-report.xsd" version="3.0.2" name="com.nexora.recordschema.updaterecord.UpdateRecordE2ETest" time="0.194" tests="5" errors="0" skipped="0" failures="0">
  <properties>
[...]
</properties>
  <testcase name="shouldUpdateExistingRecord" classname="com.nexora.recordschema.updaterecord.UpdateRecordE2ETest" time="0.056">
    <system-out><![CDATA[2026-02-14T13:32:10.316+01:00  INFO 42936 --- [nexora] [           main] t.c.s.AnnotationConfigContextLoaderUtils : Could not detect default configuration classes for test class [com.nexora.recordschema.updaterecord.UpdateRecordE2ETest]: UpdateRecordE2ETest does not declare any static, non-private, non-final, nested classes annotated with @Configuration.
2026-02-14T13:32:10.324+01:00  INFO 42936 --- [nexora] [           main] .b.t.c.SpringBootTestContextBootstrapper : Found @SpringBootConfiguration com.nexora.NexoraApplication for test class com.nexora.recordschema.updaterecord.UpdateRecordE2ETest
2026-02-14T13:32:10.330+01:00 DEBUG 42936 --- [nexora] [           main] c.n.shared.command.CommandDispatcher     : Dispatching command: CreateRecordSchemaCommand with id: 390b305d-c3b4-4e02-a625-7c39567cf706
2026-02-14T13:32:10.334+01:00 DEBUG 42936 --- [nexora] [           main] com.nexora.shared.event.EventPublisher   : Publishing event: RecordSchemaCreatedEvent with id: b6ac0693-f318-41d5-8dc1-cc798cd601e4
2026-02-14T13:32:10.339+01:00 DEBUG 42936 --- [nexora] [           main] com.nexora.shared.event.EventPublisher   : Publishing event: AgentAssignedEvent with id: 7af3fffe-ea3e-4ae5-9e7c-fe75c8301664
2026-02-14T13:32:10.339+01:00  INFO 42936 --- [nexora] [           main] c.n.r.assignagent.AssignAgentPolicy      : Agent assigned to schema 'People' (e4638822-63b0-4d3a-9b64-5f87e68736f1)
2026-02-14T13:32:10.343+01:00 DEBUG 42936 --- [nexora] [           main] c.n.shared.command.CommandDispatcher     : Dispatching command: InsertRecordCommand with id: d8379c84-2447-46b5-b751-cdf64ef024b6
2026-02-14T13:32:10.361+01:00 DEBUG 42936 --- [nexora] [           main] com.nexora.shared.event.EventPublisher   : Publishing event: RecordInsertedEvent with id: 36dc8460-1c2d-4323-b4d4-af515156df9c
2026-02-14T13:32:10.367+01:00 DEBUG 42936 --- [nexora] [           main] c.n.shared.command.CommandDispatcher     : Dispatching command: UpdateRecordCommand with id: b41aa86b-3a39-4062-9701-873c38f6f960
2026-02-14T13:32:10.379+01:00 DEBUG 42936 --- [nexora] [           main] com.nexora.shared.event.EventPublisher   : Publishing event: RecordUpdatedEvent with id: 5317fb88-2b3d-4ea2-bd79-1c3c6dd5050a
]]></system-out>
  </testcase>
  <testcase name="shouldReturn404ForNonExistentRecord" classname="com.nexora.recordschema.updaterecord.UpdateRecordE2ETest" time="0.022">
    <system-out><![CDATA[2026-02-14T13:32:10.386+01:00 DEBUG 42936 --- [nexora] [           main] c.n.shared.command.CommandDispatcher     : Dispatching command: CreateRecordSchemaCommand with id: da71f128-84c3-4a64-873e-eba1e24292ca
2026-02-14T13:32:10.390+01:00 DEBUG 42936 --- [nexora] [           main] com.nexora.shared.event.EventPublisher   : Publishing event: RecordSchemaCreatedEvent with id: 07065807-95e8-44d9-abce-5683d94388f6
2026-02-14T13:32:10.397+01:00 DEBUG 42936 --- [nexora] [           main] com.nexora.shared.event.EventPublisher   : Publishing event: AgentAssignedEvent with id: 3a9d8476-3d6f-4075-a04e-600f9961ca96
2026-02-14T13:32:10.397+01:00  INFO 42936 --- [nexora] [           main] c.n.r.assignagent.AssignAgentPolicy      : Agent assigned to schema 'Tags' (a20d0bf3-2de4-480b-894c-4a52f18f0b29)
2026-02-14T13:32:10.401+01:00 DEBUG 42936 --- [nexora] [           main] c.n.shared.command.CommandDispatcher     : Dispatching command: UpdateRecordCommand with id: f1896354-e274-4583-ab7b-f6ccdf017e85
]]></system-out>
  </testcase>
  <testcase name="shouldReturn404ForNonExistentSchema" classname="com.nexora.recordschema.updaterecord.UpdateRecordE2ETest" time="0.006"/>
  <testcase name="shouldRejectUpdateWithWrongType" classname="com.nexora.recordschema.updaterecord.UpdateRecordE2ETest" time="0.046">
    <system-out><![CDATA[2026-02-14T13:32:10.415+01:00 DEBUG 42936 --- [nexora] [           main] c.n.shared.command.CommandDispatcher     : Dispatching command: CreateRecordSchemaCommand with id: d5b98d3d-4383-4ba7-bf73-111b22aa2058
2026-02-14T13:32:10.419+01:00 DEBUG 42936 --- [nexora] [           main] com.nexora.shared.event.EventPublisher   : Publishing event: RecordSchemaCreatedEvent with id: 62da8a00-6366-46f7-b0fd-aef9123379ca
2026-02-14T13:32:10.426+01:00 DEBUG 42936 --- [nexora] [           main] com.nexora.shared.event.EventPublisher   : Publishing event: AgentAssignedEvent with id: 19141e80-3981-45e5-94b3-86fbfd743f68
2026-02-14T13:32:10.426+01:00  INFO 42936 --- [nexora] [           main] c.n.r.assignagent.AssignAgentPolicy      : Agent assigned to schema 'Books' (d01c67af-ed3e-4e77-9df1-ccfb65a8ea4f)
2026-02-14T13:32:10.430+01:00 DEBUG 42936 --- [nexora] [           main] c.n.shared.command.CommandDispatcher     : Dispatching command: InsertRecordCommand with id: 1b706759-1d59-4567-9720-bb77d1d79648
2026-02-14T13:32:10.448+01:00 DEBUG 42936 --- [nexora] [           main] com.nexora.shared.event.EventPublisher   : Publishing event: RecordInsertedEvent with id: 514e0ead-c6fb-415d-b24d-e096c4e8c034
2026-02-14T13:32:10.454+01:00 DEBUG 42936 --- [nexora] [           main] c.n.shared.command.CommandDispatcher     : Dispatching command: UpdateRecordCommand with id: 9ffbe9c0-e239-47f8-a3be-b400447c9dea
]]></system-out>
  </testcase>
  <testcase name="shouldRejectUpdateWithUnknownField" classname="com.nexora.recordschema.updaterecord.UpdateRecordE2ETest" time="0.047">
    <system-out><![CDATA[2026-02-14T13:32:10.464+01:00 DEBUG 42936 --- [nexora] [           main] c.n.shared.command.CommandDispatcher     : Dispatching command: CreateRecordSchemaCommand with id: b44dd33d-2dbc-4bb6-b89a-41ddc6db177d
2026-02-14T13:32:10.468+01:00 DEBUG 42936 --- [nexora] [           main] com.nexora.shared.event.EventPublisher   : Publishing event: RecordSchemaCreatedEvent with id: 73f50a32-e972-4ee6-a3a8-825e5c9c8a9a
2026-02-14T13:32:10.474+01:00 DEBUG 42936 --- [nexora] [           main] com.nexora.shared.event.EventPublisher   : Publishing event: AgentAssignedEvent with id: ffa30f20-ce8e-4429-b8f5-6f2038697f6f
2026-02-14T13:32:10.474+01:00  INFO 42936 --- [nexora] [           main] c.n.r.assignagent.AssignAgentPolicy      : Agent assigned to schema 'Cars' (4a22a66c-38e2-470f-b8cb-c44f8fe35bb7)
2026-02-14T13:32:10.479+01:00 DEBUG 42936 --- [nexora] [           main] c.n.shared.command.CommandDispatcher     : Dispatching command: InsertRecordCommand with id: 8a8a2f22-37f5-4722-a464-3e59070c89fe
2026-02-14T13:32:10.498+01:00 DEBUG 42936 --- [nexora] [           main] com.nexora.shared.event.EventPublisher   : Publishing event: RecordInsertedEvent with id: 16abb3d7-7370-412b-bcb9-09761f56196e
2026-02-14T13:32:10.503+01:00 DEBUG 42936 --- [nexora] [           main] c.n.shared.command.CommandDispatcher     : Dispatching command: UpdateRecordCommand with id: 7d789328-46a5-4386-b61e-c17eb49f6b70
]]></system-out>
  </testcase>
</testsuite>