<?xml version="1.0" encoding="UTF-8"?>
<testsuite xmlns:xsi="http://www.w3.org/2001/XMLSchema-instance" xsi:noNamespaceSchemaLocation="https://maven.apache.org/surefire/maven-surefire-plugin/xsd/surefire-test-report.xsd" version="3.0.2" name="com.nexora.recordschema.query.RecordQueryE2ETest" time="7.555" tests="6" errors="0" skipped="0" failures="0">
  <properties>
[...]
</properties>
  <testcase name="shouldReturnInsertedRecords" classname="com.nexora.recordschema.query.RecordQueryE2ETest" time="1.134">
    <system-out><![CDATA[13:28:31.587 [main] INFO org.springframework.test.context.support.AnnotationConfigContextLoaderUtils -- Could not detect default configuration classes for test class [com.nexora.recordschema.query.RecordQueryE2ETest]: RecordQueryE2ETest does not declare any static, non-private, non-final, nested classes annotated with @Configuration.
13:28:31.837 [main] INFO org.springframework.boot.test.context.SpringBootTestContextBootstrapper -- Found @SpringBootConfiguration com.nexora.NexoraApplication for test class com.nexora.recordschema.query.RecordQueryE2ETest
13:28:31.971 [main] INFO org.testcontainers.images.PullPolicy -- Image pull policy will be performed by: DefaultPullPolicy()
13:28:31.974 [main] INFO org.testcontainers.utility.ImageNameSubstitutor -- Image name substitution will be performed by: DefaultImageNameSubstitutor (composite of 'ConfigurationFileImageNameSubstitutor' and 'PrefixingImageNameSubstitutor')
13:28:31.997 [main] INFO org.testcontainers.DockerClientFactory -- Testcontainers version: 1.21.4
13:28:32.249 [main] INFO org.testcontainers.dockerclient.DockerClientProviderStrategy -- Loaded org.testcontainers.dockerclient.UnixSocketClientProviderStrategy from ~/.testcontainers.properties, will try it first
13:28:32.494 [main] INFO org.testcontainers.dockerclient.DockerClientProviderStrategy -- Found Docker environment with local Unix socket (unix:///var/run/docker.sock)
13:28:32.496 [main] INFO org.testcontainers.DockerClientFactory -- Docker host IP address is localhost
13:28:32.514 [main] INFO org.testcontainers.DockerClientFactory -- Connected to docker: 
  Server Version: 28.4.0
  API Version: 1.51
  Operating System: Debian GNU/Linux 12 (bookworm)
  Total Memory: 15208 MB
13:28:32.539 [main] INFO tc.testcontainers/ryuk:0.12.0 -- Creating container for image: testcontainers/ryuk:0.12.0
13:28:32.566 [main] INFO org.testcontainers.utility.RegistryAuthLocator -- Credential helper/store (docker-credential-desktop) does not have credentials for https://index.docker.io/v1/
13:28:32.735 [main] INFO tc.testcontainers/ryuk:0.12.0 -- Container testcontainers/ryuk:0.12.0 is starting: cd069aa5616a2857ad00b73919ae3b482b1d5d8d3380ecf032f8eb29de1a3211
13:28:33.005 [main] INFO tc.testcontainers/ryuk:0.12.0 -- Container testcontainers/ryuk:0.12.0 started in PT0.465768556S
13:28:33.012 [main] INFO org.testcontainers.utility.RyukResourceReaper -- Ryuk started - will monitor and terminate Testcontainers containers on JVM exit
13:28:33.012 [main] INFO org.testcontainers.DockerClientFactory -- Checking the system...
13:28:33.012 [main] INFO org.testcontainers.DockerClientFactory -- ✔︎ Docker server version should be at least 1.6.0
13:28:33.013 [main] INFO tc.mongo:8 -- Creating container for image: mongo:8
13:28:33.097 [main] INFO tc.mongo:8 -- Container mongo:8 is starting: d0ac4b29b8601ec67aceabef7332f33d235ba113432886373efd399eadf4c409
13:28:33.552 [main] INFO tc.mongo:8 -- Container mongo:8 started in PT0.538592533S
13:28:34.837 [main] INFO org.springframework.boot.devtools.restart.RestartApplicationListener -- Restart disabled due to context in which it is running

  .   ____          _            __ _ _
 /\\ / ___'_ __ _ _(_)_ __  __ _ \ \ \ \
( ( )\___ | '_ | '_| | '_ \/ _` | \ \ \ \
 \\/  ___)| |_)| | | | | || (_| |  ) ) ) )
  '  |____| .__|_| |_|_| |_\__, | / / / /
 =========|_|==============|___/=/_/_/_/

 :: Spring Boot ::               (v3.5.10)

2026-02-14T13:28:35.173+01:00  INFO 42042 --- [nexora] [           main] c.n.r.query.RecordQueryE2ETest           : Starting RecordQueryE2ETest using Java 25 with PID 42042 (started by xkollar3 in /home/xkollar3/projects/agrp-proj)
2026-02-14T13:28:35.174+01:00 DEBUG 42042 --- [nexora] [           main] c.n.r.query.RecordQueryE2ETest           : Running with Spring Boot v3.5.10, Spring v6.2.15
2026-02-14T13:28:35.175+01:00  INFO 42042 --- [nexora] [           main] c.n.r.query.RecordQueryE2ETest           : No active profile set, falling back to 1 default profile: "default"
2026-02-14T13:28:35.792+01:00  INFO 42042 --- [nexora] [           main] .s.d.r.c.RepositoryConfigurationDelegate : Bootstrapping Spring Data MongoDB repositories in DEFAULT mode.
2026-02-14T13:28:35.850+01:00  INFO 42042 --- [nexora] [           main] .s.d.r.c.RepositoryConfigurationDelegate : Finished Spring Data repository scanning in 49 ms. Found 1 MongoDB repository interface.
2026-02-14T13:28:36.010+01:00 DEBUG 42042 --- [nexora] [           main] .c.EventExternalizationAutoConfiguration : Configuring event externalization to export events annotated with @Externalized in packages: [com.nexora]
2026-02-14T13:28:36.339+01:00  INFO 42042 --- [nexora] [           main] org.mongodb.driver.client                : MongoClient with metadata {"driver": {"name": "mongo-java-driver|sync|spring-boot", "version": "5.5.2"}, "os": {"type": "Linux", "name": "Linux", "architecture": "amd64", "version": "6.1.0-40-amd64"}, "platform": "Java/Eclipse Adoptium/25+36-LTS"} created with settings MongoClientSettings{readPreference=primary, writeConcern=WriteConcern{w=null, wTimeout=null ms, journal=null}, retryWrites=true, retryReads=true, readConcern=ReadConcern{level=null}, credential=null, transportSettings=null, commandListeners=[], codecRegistry=ProvidersCodecRegistry{codecProviders=[ValueCodecProvider{}, BsonValueCodecProvider{}, DBRefCodecProvider{}, DBObjectCodecProvider{}, DocumentCodecProvider{}, CollectionCodecProvider{}, IterableCodecProvider{}, MapCodecProvider{}, GeoJsonCodecProvider{}, GridFSFileCodecProvider{}, Jsr310CodecProvider{}, JsonObjectCodecProvider{}, BsonCodecProvider{}, EnumCodecProvider{}, com.mongodb.client.model.mql.ExpressionCodecProvider@5c0e2ec, com.mongodb.Jep395RecordCodecProvider@4fa8bebb, com.mongodb.KotlinCodecProvider@7d3c22a5]}, loggerSettings=LoggerSettings{maxDocumentLength=1000}, clusterSettings={hosts=[localhost:32806], srvServiceName=mongodb, mode=SINGLE, requiredClusterType=UNKNOWN, requiredReplicaSetName='null', serverSelector='null', clusterListeners='[]', serverSelectionTimeout='30000 ms', localThreshold='15 ms'}, socketSettings=SocketSettings{connectTimeoutMS=10000, readTimeoutMS=0, receiveBufferSize=0, proxySettings=ProxySettings{host=null, port=null, username=null, password=null}}, heartbeatSocketSettings=SocketSettings{connectTimeoutMS=10000, readTimeoutMS=10000, receiveBufferSize=0, proxySettings=ProxySettings{host=null, port=null, username=null, password=null}}, connectionPoolSettings=ConnectionPoolSettings{maxSize=100, minSize=0, maxWaitTimeMS=120000, maxConnectionLifeTimeMS=0, maxConnectionIdleTimeMS=0, maintenanceInitialDelayMS=0, maintenanceFrequencyMS=60000, connectionPoolListeners=[], maxConnecting=2}, serverSettings=ServerSettings{heartbeatFrequencyMS=10000, minHeartbeatFrequencyMS=500, serverMonitoringMode=AUTO, serverListeners='[]', serverMonitorListeners='[]'}, sslSettings=SslSettings{enabled=false, invalidHostNameAllowed=false, context=null}, applicationName='null', compressorList=[], uuidRepresentation=JAVA_LEGACY, serverApi=null, autoEncryptionSettings=null, dnsClient=null, inetAddressResolver=null, contextProvider=null, timeoutMS=null}
2026-02-14T13:28:36.369+01:00  INFO 42042 --- [nexora] [localhost:32806] org.mongodb.driver.cluster               : Monitor thread successfully connected to server with description ServerDescription{address=localhost:32806, type=REPLICA_SET_PRIMARY, cryptd=false, state=CONNECTED, ok=true, minWireVersion=0, maxWireVersion=27, maxDocumentSize=16777216, logicalSessionTimeoutMinutes=30, roundTripTimeNanos=30775981, minRoundTripTimeNanos=0, setName='docker-rs', canonicalAddress=d0ac4b29b860:27017, hosts=[d0ac4b29b860:27017], passives=[], arbiters=[], primary='d0ac4b29b860:27017', tagSet=TagSet{[]}, electionId=7fffffff0000000000000001, setVersion=1, topologyVersion=TopologyVersion{processId=69906a71489e4020e8b8f9e2, counter=6}, lastWriteDate=Sat Feb 14 13:28:34 CET 2026, lastUpdateTimeNanos=10641550683024}
2026-02-14T13:28:36.708+01:00  INFO 42042 --- [nexora] [           main] c.n.shared.command.CommandDispatcher     : Registered command handler: CreateRecordSchemaHandler for command: CreateRecordSchemaCommand
2026-02-14T13:28:36.708+01:00  INFO 42042 --- [nexora] [           main] c.n.shared.command.CommandDispatcher     : Registered command handler: CustomizeAgentHandler for command: CustomizeAgentCommand
2026-02-14T13:28:36.708+01:00  INFO 42042 --- [nexora] [           main] c.n.shared.command.CommandDispatcher     : Registered command handler: DeleteRecordHandler for command: DeleteRecordCommand
2026-02-14T13:28:36.709+01:00  INFO 42042 --- [nexora] [           main] c.n.shared.command.CommandDispatcher     : Registered command handler: InsertRecordHandler for command: InsertRecordCommand
2026-02-14T13:28:36.720+01:00  INFO 42042 --- [nexora] [           main] c.nexora.shared.query.QueryDispatcher    : Registered query handler: ListRecordsQueryHandler for query: ListRecordsQuery
2026-02-14T13:28:37.293+01:00  INFO 42042 --- [nexora] [           main] o.s.b.t.m.w.SpringBootMockServletContext : Initializing Spring TestDispatcherServlet ''
2026-02-14T13:28:37.294+01:00  INFO 42042 --- [nexora] [           main] o.s.t.web.servlet.TestDispatcherServlet  : Initializing Servlet ''
2026-02-14T13:28:37.295+01:00  INFO 42042 --- [nexora] [           main] o.s.t.web.servlet.TestDispatcherServlet  : Completed initialization in 1 ms
2026-02-14T13:28:37.452+01:00  INFO 42042 --- [nexora] [           main] o.s.s.config.TaskSchedulerRouter         : No TaskScheduler/ScheduledExecutorService bean found for scheduled processing
2026-02-14T13:28:37.457+01:00  INFO 42042 --- [nexora] [           main] c.n.r.query.RecordQueryE2ETest           : Started RecordQueryE2ETest in 2.638 seconds (process running for 6.718)
2026-02-14T13:28:38.257+01:00 DEBUG 42042 --- [nexora] [           main] c.n.shared.command.CommandDispatcher     : Dispatching command: CreateRecordSchemaCommand with id: bf829856-c8f1-4440-b280-c1474bdf8313
2026-02-14T13:28:38.363+01:00 DEBUG 42042 --- [nexora] [           main] com.nexora.shared.event.EventPublisher   : Publishing event: RecordSchemaCreatedEvent with id: 69d8f20a-5bc3-402a-9ffe-89d210f72fbd
2026-02-14T13:28:38.419+01:00 DEBUG 42042 --- [nexora] [           main] com.nexora.shared.event.EventPublisher   : Publishing event: AgentAssignedEvent with id: 6e4c26bc-8804-4deb-933e-d543a4dfacb0
2026-02-14T13:28:38.419+01:00  INFO 42042 --- [nexora] [           main] c.n.r.assignagent.AssignAgentPolicy      : Agent assigned to schema 'Contacts' (f853f2ee-e4c2-4ee6-bf57-075c4c6923dc)
2026-02-14T13:28:38.470+01:00 DEBUG 42042 --- [nexora] [           main] c.n.shared.command.CommandDispatcher     : Dispatching command: InsertRecordCommand with id: a1db3a72-54ca-421d-9688-ee8f7729f45b
2026-02-14T13:28:38.500+01:00 DEBUG 42042 --- [nexora] [           main] com.nexora.shared.event.EventPublisher   : Publishing event: RecordInsertedEvent with id: a82ca578-9bc4-4f6b-9575-3e6672a49c96
2026-02-14T13:28:38.507+01:00 DEBUG 42042 --- [nexora] [           main] c.n.shared.command.CommandDispatcher     : Dispatching command: InsertRecordCommand with id: d008b7c8-8a9f-4a4b-9b05-971b37c42829
2026-02-14T13:28:38.514+01:00 DEBUG 42042 --- [nexora] [           main] com.nexora.shared.event.EventPublisher   : Publishing event: RecordInsertedEvent with id: 964e75b1-de48-4b31-8b2f-892e2bc9c399
2026-02-14T13:28:38.524+01:00 DEBUG 42042 --- [nexora] [           main] c.nexora.shared.query.QueryDispatcher    : Dispatching query: ListRecordsQuery
2026-02-14T13:28:38.544+01:00  WARN 42042 --- [nexora] [           main] ration$PageModule$WarningLoggingModifier : Serializing PageImpl instances as-is is not supported, meaning that there is no guarantee about the stability of the resulting JSON structure!
	For a stable JSON structure, please use Spring Data's PagedModel (globally via @EnableSpringDataWebSupport(pageSerializationMode = VIA_DTO))
	or Spring HATEOAS and Spring Data's PagedResourcesAssembler as documented in https://docs.spring.io/spring-data/commons/reference/repositories/core-extensions.html#core.web.pageables.

]]></system-out>
    <system-err><![CDATA[Mockito is currently self-attaching to enable the inline-mock-maker. This will no longer work in future releases of the JDK. Please add Mockito as an agent to your build as described in Mockito's documentation: https://javadoc.io/doc/org.mockito/mockito-core/latest/org.mockito/org/mockito/Mockito.html#0.3
WARNING: A Java agent has been loaded dynamically (/home/xkollar3/.m2/repository/net/bytebuddy/byte-buddy-agent/1.17.8/byte-buddy-agent-1.17.8.jar)
WARNING: If a serviceability tool is in use, please run with -XX:+EnableDynamicAgentLoading to hide this warning
WARNING: If a serviceability tool is not in use, please run with -Djdk.instrument.traceUsage for more information
WARNING: Dynamic loading of agents will be disallowed by default in a future release
]]></system-err>
  </testcase>
  <testcase name="shouldNotReturnRecordsFromOtherSchemas" classname="com.nexora.recordschema.query.RecordQueryE2ETest" time="0.123">
    <system-out><![CDATA[2026-02-14T13:28:38.611+01:00 DEBUG 42042 --- [nexora] [           main] c.n.shared.command.CommandDispatcher     : Dispatching command: CreateRecordSchemaCommand with id: 134e316d-1389-4fd7-87f1-1bef62fd90c2
2026-02-14T13:28:38.618+01:00 DEBUG 42042 --- [nexora] [           main] com.nexora.shared.event.EventPublisher   : Publishing event: RecordSchemaCreatedEvent with id: 12308b4d-ebb1-44f8-8147-62eaa7b6ce2a
2026-02-14T13:28:38.625+01:00 DEBUG 42042 --- [nexora] [           main] com.nexora.shared.event.EventPublisher   : Publishing event: AgentAssignedEvent with id: 66849b78-e698-45e9-805d-6558ec2d782b
2026-02-14T13:28:38.625+01:00  INFO 42042 --- [nexora] [           main] c.n.r.assignagent.AssignAgentPolicy      : Agent assigned to schema 'Cats' (799b34ad-3f92-4b9d-8eda-69e62ce70352)
2026-02-14T13:28:38.628+01:00 DEBUG 42042 --- [nexora] [           main] c.n.shared.command.CommandDispatcher     : Dispatching command: CreateRecordSchemaCommand with id: 65110111-8629-4fbf-8132-c25d433ae393
2026-02-14T13:28:38.632+01:00 DEBUG 42042 --- [nexora] [           main] com.nexora.shared.event.EventPublisher   : Publishing event: RecordSchemaCreatedEvent with id: df3e3d0b-7797-4dff-bd77-b08643ac80a1
2026-02-14T13:28:38.641+01:00 DEBUG 42042 --- [nexora] [           main] com.nexora.shared.event.EventPublisher   : Publishing event: AgentAssignedEvent with id: 0454c55f-524f-4c33-8584-82a3b4ddd2b2
2026-02-14T13:28:38.641+01:00  INFO 42042 --- [nexora] [           main] c.n.r.assignagent.AssignAgentPolicy      : Agent assigned to schema 'Dogs' (4ba6f262-f3b7-4d81-94e7-790d628dd338)
2026-02-14T13:28:38.646+01:00 DEBUG 42042 --- [nexora] [           main] c.n.shared.command.CommandDispatcher     : Dispatching command: InsertRecordCommand with id: 1fbc94df-05ed-4343-9bf1-8f14f28a7ce2
2026-02-14T13:28:38.669+01:00 DEBUG 42042 --- [nexora] [           main] com.nexora.shared.event.EventPublisher   : Publishing event: RecordInsertedEvent with id: 9dd9e295-57de-4d45-8946-9b775dbe69cc
2026-02-14T13:28:38.676+01:00 DEBUG 42042 --- [nexora] [           main] c.n.shared.command.CommandDispatcher     : Dispatching command: InsertRecordCommand with id: 97358381-2df3-4b51-b1b1-5432e92bb2f7
2026-02-14T13:28:38.697+01:00 DEBUG 42042 --- [nexora] [           main] com.nexora.shared.event.EventPublisher   : Publishing event: RecordInsertedEvent with id: 26d9bbbb-68a6-4ab8-8e10-17ec5c6ea43e
2026-02-14T13:28:38.703+01:00 DEBUG 42042 --- [nexora] [           main] c.n.shared.command.CommandDispatcher     : Dispatching command: InsertRecordCommand with id: dab4cdc1-f95c-488f-b80d-9203d8898318
2026-02-14T13:28:38.711+01:00 DEBUG 42042 --- [nexora] [           main] com.nexora.shared.event.EventPublisher   : Publishing event: RecordInsertedEvent with id: 56b759a5-aa77-4279-80e4-1313dec6d2f2
2026-02-14T13:28:38.718+01:00 DEBUG 42042 --- [nexora] [           main] c.nexora.shared.query.QueryDispatcher    : Dispatching query: ListRecordsQuery
]]></system-out>
  </testcase>
  <testcase name="shouldReturnEmptyPageForSchemaWithNoRecords" classname="com.nexora.recordschema.query.RecordQueryE2ETest" time="0.037">
    <system-out><![CDATA[2026-02-14T13:28:38.738+01:00 DEBUG 42042 --- [nexora] [           main] c.n.shared.command.CommandDispatcher     : Dispatching command: CreateRecordSchemaCommand with id: a22ffb30-e73f-4dfe-8bbf-4dd462989fd0
2026-02-14T13:28:38.745+01:00 DEBUG 42042 --- [nexora] [           main] com.nexora.shared.event.EventPublisher   : Publishing event: RecordSchemaCreatedEvent with id: 3997bdeb-ec62-424b-8aaa-068c17c8be0e
2026-02-14T13:28:38.755+01:00 DEBUG 42042 --- [nexora] [           main] com.nexora.shared.event.EventPublisher   : Publishing event: AgentAssignedEvent with id: 82dc4806-d331-403a-a833-6c9c29e2d354
2026-02-14T13:28:38.755+01:00  INFO 42042 --- [nexora] [           main] c.n.r.assignagent.AssignAgentPolicy      : Agent assigned to schema 'Empty' (949a6970-2625-4725-bc3d-b1218862a424)
2026-02-14T13:28:38.761+01:00 DEBUG 42042 --- [nexora] [           main] c.nexora.shared.query.QueryDispatcher    : Dispatching query: ListRecordsQuery
]]></system-out>
  </testcase>
  <testcase name="shouldFilterRecordsWithMongoQuery" classname="com.nexora.recordschema.query.RecordQueryE2ETest" time="0.086">
    <system-out><![CDATA[2026-02-14T13:28:38.774+01:00 DEBUG 42042 --- [nexora] [           main] c.n.shared.command.CommandDispatcher     : Dispatching command: CreateRecordSchemaCommand with id: 573f9536-ad96-42d6-8190-5fdb19b27ab4
2026-02-14T13:28:38.780+01:00 DEBUG 42042 --- [nexora] [           main] com.nexora.shared.event.EventPublisher   : Publishing event: RecordSchemaCreatedEvent with id: fe599837-1f4a-4585-b775-70d066657723
2026-02-14T13:28:38.786+01:00 DEBUG 42042 --- [nexora] [           main] com.nexora.shared.event.EventPublisher   : Publishing event: AgentAssignedEvent with id: c8c2598a-d4bb-4165-bf26-9e27b66a6c94
2026-02-14T13:28:38.787+01:00  INFO 42042 --- [nexora] [           main] c.n.r.assignagent.AssignAgentPolicy      : Agent assigned to schema 'Metrics' (9862ec2b-d41a-4158-858f-3987588ae431)
2026-02-14T13:28:38.791+01:00 DEBUG 42042 --- [nexora] [           main] c.n.shared.command.CommandDispatcher     : Dispatching command: InsertRecordCommand with id: 3273137d-3c27-4a46-981a-e902bdbd4820
2026-02-14T13:28:38.813+01:00 DEBUG 42042 --- [nexora] [           main] com.nexora.shared.event.EventPublisher   : Publishing event: RecordInsertedEvent with id: 00b38cf2-25d4-46ff-8ccf-4e382546e397
2026-02-14T13:28:38.818+01:00 DEBUG 42042 --- [nexora] [           main] c.n.shared.command.CommandDispatcher     : Dispatching command: InsertRecordCommand with id: 45588b59-7528-448a-ad5c-313c74ac15c7
2026-02-14T13:28:38.825+01:00 DEBUG 42042 --- [nexora] [           main] com.nexora.shared.event.EventPublisher   : Publishing event: RecordInsertedEvent with id: da06e8b8-0dc3-4230-a0f8-f54a6dba1fa5
2026-02-14T13:28:38.830+01:00 DEBUG 42042 --- [nexora] [           main] c.n.shared.command.CommandDispatcher     : Dispatching command: InsertRecordCommand with id: 10101ca5-4cf4-4cb0-9231-1e6c2fef86b1
2026-02-14T13:28:38.836+01:00 DEBUG 42042 --- [nexora] [           main] com.nexora.shared.event.EventPublisher   : Publishing event: RecordInsertedEvent with id: a49a6375-e3ac-41ae-9a22-de085fb2f793
2026-02-14T13:28:38.841+01:00 DEBUG 42042 --- [nexora] [           main] c.nexora.shared.query.QueryDispatcher    : Dispatching query: ListRecordsQuery
]]></system-out>
  </testcase>
  <testcase name="shouldPaginateResults" classname="com.nexora.recordschema.query.RecordQueryE2ETest" time="0.109">
    <system-out><![CDATA[2026-02-14T13:28:38.862+01:00 DEBUG 42042 --- [nexora] [           main] c.n.shared.command.CommandDispatcher     : Dispatching command: CreateRecordSchemaCommand with id: 81a53b57-e7ad-4f6a-b41c-4570721e5e68
2026-02-14T13:28:38.868+01:00 DEBUG 42042 --- [nexora] [           main] com.nexora.shared.event.EventPublisher   : Publishing event: RecordSchemaCreatedEvent with id: f5206019-0d97-47ce-987d-127d75409847
2026-02-14T13:28:38.875+01:00 DEBUG 42042 --- [nexora] [           main] com.nexora.shared.event.EventPublisher   : Publishing event: AgentAssignedEvent with id: e42562f4-f452-4301-a728-f7cbd819c721
2026-02-14T13:28:38.875+01:00  INFO 42042 --- [nexora] [           main] c.n.r.assignagent.AssignAgentPolicy      : Agent assigned to schema 'Logs' (ce37bb42-a604-474e-9c51-4011047a2672)
2026-02-14T13:28:38.879+01:00 DEBUG 42042 --- [nexora] [           main] c.n.shared.command.CommandDispatcher     : Dispatching command: InsertRecordCommand with id: f323d5b5-e1a6-418a-84f4-71cce7569391
2026-02-14T13:28:38.900+01:00 DEBUG 42042 --- [nexora] [           main] com.nexora.shared.event.EventPublisher   : Publishing event: RecordInsertedEvent with id: 610fab39-1eb6-4c7a-b1e7-824c59c2d9e3
2026-02-14T13:28:38.905+01:00 DEBUG 42042 --- [nexora] [           main] c.n.shared.command.CommandDispatcher     : Dispatching command: InsertRecordCommand with id: bd1427f6-5ce5-45e7-95de-5540e5d3619a
2026-02-14T13:28:38.911+01:00 DEBUG 42042 --- [nexora] [           main] com.nexora.shared.event.EventPublisher   : Publishing event: RecordInsertedEvent with id: fabf5c41-ccf3-4485-b66c-0f2f5bf5fe16
2026-02-14T13:28:38.916+01:00 DEBUG 42042 --- [nexora] [           main] c.n.shared.command.CommandDispatcher     : Dispatching command: InsertRecordCommand with id: 5c723b23-c56d-4cd1-b29d-1468d7b64a8a
2026-02-14T13:28:38.922+01:00 DEBUG 42042 --- [nexora] [           main] com.nexora.shared.event.EventPublisher   : Publishing event: RecordInsertedEvent with id: 4d2907f1-e431-475c-afff-cf8c0adf6afa
2026-02-14T13:28:38.927+01:00 DEBUG 42042 --- [nexora] [           main] c.n.shared.command.CommandDispatcher     : Dispatching command: InsertRecordCommand with id: d9b89996-07dc-4d75-a4ae-041baad8596f
2026-02-14T13:28:38.934+01:00 DEBUG 42042 --- [nexora] [           main] com.nexora.shared.event.EventPublisher   : Publishing event: RecordInsertedEvent with id: 2f54b87f-84e8-4e25-b2ed-a799454ae89f
2026-02-14T13:28:38.938+01:00 DEBUG 42042 --- [nexora] [           main] c.n.shared.command.CommandDispatcher     : Dispatching command: InsertRecordCommand with id: 5ae689f1-71bc-4883-9538-67c5d32e743a
2026-02-14T13:28:38.946+01:00 DEBUG 42042 --- [nexora] [           main] com.nexora.shared.event.EventPublisher   : Publishing event: RecordInsertedEvent with id: 50be9ca0-b5a4-425c-a5d6-94d0a214bf80
2026-02-14T13:28:38.950+01:00 DEBUG 42042 --- [nexora] [           main] c.nexora.shared.query.QueryDispatcher    : Dispatching query: ListRecordsQuery
2026-02-14T13:28:38.959+01:00 DEBUG 42042 --- [nexora] [           main] c.nexora.shared.query.QueryDispatcher    : Dispatching query: ListRecordsQuery
]]></system-out>
  </testcase>
  <testcase name="shouldReturn404ForNonExistentSchema" classname="com.nexora.recordschema.query.RecordQueryE2ETest" time="0.012"/>
</testsuite>