<?xml version="1.0" encoding="UTF-8"?>
<testsuite xmlns:xsi="http://www.w3.org/2001/XMLSchema-instance" xsi:noNamespaceSchemaLocation="https://maven.apache.org/surefire/maven-surefire-plugin/xsd/surefire-test-report.xsd" version="3.0.2" name="com.nexora.recordschema.deleterecord.DeleteRecordE2ETest" time="0.169" tests="4" errors="0" skipped="0" failures="0">
  <properties>
[...]
</properties>
  <testcase name="shouldNotAffectOtherRecords" classname="com.nexora.recordschema.deleterecord.DeleteRecordE2ETest" time="0.063">
    <system-out><![CDATA[2026-02-14T14:20:25.422+01:00  INFO 52740 --- [nexora] [           main] t.c.s.AnnotationConfigContextLoaderUtils : Could not detect default configuration classes for test class [com.nexora.recordschema.deleterecord.DeleteRecordE2ETest]: DeleteRecordE2ETest does not declare any static, non-private, non-final, nested classes annotated with @Configuration.
2026-02-14T14:20:25.449+01:00  INFO 52740 --- [nexora] [           main] .b.t.c.SpringBootTestContextBootstrapper : Found @SpringBootConfiguration com.nexora.NexoraApplication for test class com.nexora.recordschema.deleterecord.DeleteRecordE2ETest
2026-02-14T14:20:25.455+01:00 DEBUG 52740 --- [nexora] [           main] c.n.shared.command.CommandDispatcher     : Dispatching command: CreateRecordSchemaCommand with id: 24a2c05b-b010-4c1f-b00a-0c5ed84f08a1
2026-02-14T14:20:25.460+01:00 DEBUG 52740 --- [nexora] [           main] com.nexora.shared.event.EventPublisher   : Publishing event: RecordSchemaCreatedEvent with id: d6fac84d-206b-4417-a7fa-03994b1a3a1b
2026-02-14T14:20:25.466+01:00 DEBUG 52740 --- [nexora] [           main] com.nexora.shared.event.EventPublisher   : Publishing event: AgentAssignedEvent with id: 9c8c2165-c991-4225-a0f6-880b9fae6215
2026-02-14T14:20:25.466+01:00  INFO 52740 --- [nexora] [           main] c.n.r.assignagent.AssignAgentPolicy      : Agent assigned to schema 'Notes' (9048eca6-579b-443a-bca7-ca477f7b0ce4)
2026-02-14T14:20:25.470+01:00 DEBUG 52740 --- [nexora] [           main] c.n.shared.command.CommandDispatcher     : Dispatching command: InsertRecordCommand with id: 56df3d5d-55bc-4dc1-9957-e3c009b071c2
2026-02-14T14:20:25.487+01:00 DEBUG 52740 --- [nexora] [           main] com.nexora.shared.event.EventPublisher   : Publishing event: RecordInsertedEvent with id: abc1d871-ed73-4ac9-97a8-13a16393fba6
2026-02-14T14:20:25.493+01:00 DEBUG 52740 --- [nexora] [           main] c.n.shared.command.CommandDispatcher     : Dispatching command: InsertRecordCommand with id: 1ab7a5b7-d3f9-4e86-994a-26e4856fbe29
2026-02-14T14:20:25.497+01:00 DEBUG 52740 --- [nexora] [           main] com.nexora.shared.event.EventPublisher   : Publishing event: RecordInsertedEvent with id: a283ede7-d574-486d-8e41-dd4ac0ed8fb5
2026-02-14T14:20:25.502+01:00 DEBUG 52740 --- [nexora] [           main] c.n.shared.command.CommandDispatcher     : Dispatching command: DeleteRecordCommand with id: 3238f27f-a310-4c66-a897-3fecf74cb9ce
2026-02-14T14:20:25.512+01:00 DEBUG 52740 --- [nexora] [           main] com.nexora.shared.event.EventPublisher   : Publishing event: RecordDeletedEvent with id: 1980be03-4b79-4eef-b3ec-e0d601806037
]]></system-out>
  </testcase>
  <testcase name="shouldReturn404ForNonExistentRecord" classname="com.nexora.recordschema.deleterecord.DeleteRecordE2ETest" time="0.021">
    <system-out><![CDATA[2026-02-14T14:20:25.519+01:00 DEBUG 52740 --- [nexora] [           main] c.n.shared.command.CommandDispatcher     : Dispatching command: CreateRecordSchemaCommand with id: 84a496e5-e3f4-49d8-b97b-70cb7d2b3ccb
2026-02-14T14:20:25.523+01:00 DEBUG 52740 --- [nexora] [           main] com.nexora.shared.event.EventPublisher   : Publishing event: RecordSchemaCreatedEvent with id: c2a4a1d5-5a16-48d0-b5da-992c3a23cfca
2026-02-14T14:20:25.530+01:00 DEBUG 52740 --- [nexora] [           main] com.nexora.shared.event.EventPublisher   : Publishing event: AgentAssignedEvent with id: 1bba8e12-82d5-46cb-8564-c1727bc89948
2026-02-14T14:20:25.530+01:00  INFO 52740 --- [nexora] [           main] c.n.r.assignagent.AssignAgentPolicy      : Agent assigned to schema 'Widgets' (c8ee9ac5-9e39-4eca-bb9d-d84c61750ae3)
2026-02-14T14:20:25.533+01:00 DEBUG 52740 --- [nexora] [           main] c.n.shared.command.CommandDispatcher     : Dispatching command: DeleteRecordCommand with id: cacc01c1-87e4-4fdd-b0a4-c2eb80a4df5e
]]></system-out>
  </testcase>
  <testcase name="shouldReturn404ForNonExistentSchema" classname="com.nexora.recordschema.deleterecord.DeleteRecordE2ETest" time="0.005"/>
  <testcase name="shouldDeleteExistingRecord" classname="com.nexora.recordschema.deleterecord.DeleteRecordE2ETest" time="0.045">
    <system-out><![CDATA[2026-02-14T14:20:25.548+01:00 DEBUG 52740 --- [nexora] [           main] c.n.shared.command.CommandDispatcher     : Dispatching command: CreateRecordSchemaCommand with id: e8139f58-748c-4c33-901c-9c728dfd1347
2026-02-14T14:20:25.552+01:00 DEBUG 52740 --- [nexora] [           main] com.nexora.shared.event.EventPublisher   : Publishing event: RecordSchemaCreatedEvent with id: bb8866d4-43c8-4576-bc21-0c57c0e96432
2026-02-14T14:20:25.558+01:00 DEBUG 52740 --- [nexora] [           main] com.nexora.shared.event.EventPublisher   : Publishing event: AgentAssignedEvent with id: 07495582-fc5d-49e4-a744-4978f31bea57
2026-02-14T14:20:25.558+01:00  INFO 52740 --- [nexora] [           main] c.n.r.assignagent.AssignAgentPolicy      : Agent assigned to schema 'Items' (2581ba70-23e4-4b99-ac23-36ceebc1fc37)
2026-02-14T14:20:25.562+01:00 DEBUG 52740 --- [nexora] [           main] c.n.shared.command.CommandDispatcher     : Dispatching command: InsertRecordCommand with id: 5a991fbc-302b-4183-91e8-dec8b1dc5102
2026-02-14T14:20:25.578+01:00 DEBUG 52740 --- [nexora] [           main] com.nexora.shared.event.EventPublisher   : Publishing event: RecordInsertedEvent with id: 99b02d53-f40b-4728-85af-c33c39724299
2026-02-14T14:20:25.582+01:00 DEBUG 52740 --- [nexora] [           main] c.n.shared.command.CommandDispatcher     : Dispatching command: DeleteRecordCommand with id: 5e0eb357-ab41-4fa3-8639-7ee2bfcc775a
2026-02-14T14:20:25.586+01:00 DEBUG 52740 --- [nexora] [           main] com.nexora.shared.event.EventPublisher   : Publishing event: RecordDeletedEvent with id: 7c10fb61-9a40-46b4-992c-b90467cf8925
]]></system-out>
  </testcase>
</testsuite>