<?xml version="1.0" encoding="UTF-8"?>
<testsuite xmlns:xsi="http://www.w3.org/2001/XMLSchema-instance" xsi:noNamespaceSchemaLocation="https://maven.apache.org/surefire/maven-surefire-plugin/xsd/surefire-test-report.xsd" version="3.0.2" name="com.nexora.recordschema.deleterecord.DeleteRecordE2ETest" time="0.176" tests="4" errors="0" skipped="0" failures="0">
  <properties>
[...]
</properties>
  <testcase name="shouldNotAffectOtherRecords" classname="com.nexora.recordschema.deleterecord.DeleteRecordE2ETest" time="0.075">
    <system-out><![CDATA[2026-02-14T13:28:39.278+01:00  INFO 42042 --- [nexora] [           main] t.c.s.AnnotationConfigContextLoaderUtils : Could not detect default configuration classes for test class [com.nexora.recordschema.deleterecord.DeleteRecordE2ETest]: DeleteRecordE2ETest does not declare any static, non-private, non-final, nested classes annotated with @Configuration.
2026-02-14T13:28:39.289+01:00  INFO 42042 --- [nexora] [           main] .b.t.c.SpringBootTestContextBootstrapper : Found @SpringBootConfiguration com.nexora.NexoraApplication for test class com.nexora.recordschema.deleterecord.DeleteRecordE2ETest
2026-02-14T13:28:39.295+01:00 DEBUG 42042 --- [nexora] [           main] c.n.shared.command.CommandDispatcher     : Dispatching command: CreateRecordSchemaCommand with id: 2b7d3209-6174-4c0b-a4fe-fc5bde9d928a
2026-02-14T13:28:39.301+01:00 DEBUG 42042 --- [nexora] [           main] com.nexora.shared.event.EventPublisher   : Publishing event: RecordSchemaCreatedEvent with id: edb7f008-106d-4c3b-a20f-7b24dbfa1508
2026-02-14T13:28:39.307+01:00 DEBUG 42042 --- [nexora] [           main] com.nexora.shared.event.EventPublisher   : Publishing event: AgentAssignedEvent with id: 5342b263-08cc-4161-8d0d-c7d41bbb8c15
2026-02-14T13:28:39.308+01:00  INFO 42042 --- [nexora] [           main] c.n.r.assignagent.AssignAgentPolicy      : Agent assigned to schema 'Notes' (c287c531-ba25-49fc-a0eb-5bbac61f8164)
2026-02-14T13:28:39.312+01:00 DEBUG 42042 --- [nexora] [           main] c.n.shared.command.CommandDispatcher     : Dispatching command: InsertRecordCommand with id: e00462e7-46c9-4913-b332-ad8729c26c4a
2026-02-14T13:28:39.330+01:00 DEBUG 42042 --- [nexora] [           main] com.nexora.shared.event.EventPublisher   : Publishing event: RecordInsertedEvent with id: 2dd7ffaf-b2f7-403a-ac98-f34379f2efd5
2026-02-14T13:28:39.336+01:00 DEBUG 42042 --- [nexora] [           main] c.n.shared.command.CommandDispatcher     : Dispatching command: InsertRecordCommand with id: 090e8bc4-cd0c-49b7-bb11-c0769e9b5d6a
2026-02-14T13:28:39.342+01:00 DEBUG 42042 --- [nexora] [           main] com.nexora.shared.event.EventPublisher   : Publishing event: RecordInsertedEvent with id: a2510d76-ef6a-4d10-9f43-311d980828c4
2026-02-14T13:28:39.348+01:00 DEBUG 42042 --- [nexora] [           main] c.n.shared.command.CommandDispatcher     : Dispatching command: DeleteRecordCommand with id: 7332388b-630b-4e90-a352-f6c961005d4d
2026-02-14T13:28:39.357+01:00 DEBUG 42042 --- [nexora] [           main] com.nexora.shared.event.EventPublisher   : Publishing event: RecordDeletedEvent with id: a59591f7-38ea-4cff-8354-6f4d2b2115f4
]]></system-out>
  </testcase>
  <testcase name="shouldReturn404ForNonExistentRecord" classname="com.nexora.recordschema.deleterecord.DeleteRecordE2ETest" time="0.024">
    <system-out><![CDATA[2026-02-14T13:28:39.371+01:00 DEBUG 42042 --- [nexora] [           main] c.n.shared.command.CommandDispatcher     : Dispatching command: CreateRecordSchemaCommand with id: 7d3ec85a-c245-4e2e-b8e1-327028d2677f
2026-02-14T13:28:39.375+01:00 DEBUG 42042 --- [nexora] [           main] com.nexora.shared.event.EventPublisher   : Publishing event: RecordSchemaCreatedEvent with id: aeeb8628-c3ee-4cbb-aec1-22aa7e6b5a7d
2026-02-14T13:28:39.381+01:00 DEBUG 42042 --- [nexora] [           main] com.nexora.shared.event.EventPublisher   : Publishing event: AgentAssignedEvent with id: 778fd8c4-7e62-46d3-bb08-4962b8f3e496
2026-02-14T13:28:39.382+01:00  INFO 42042 --- [nexora] [           main] c.n.r.assignagent.AssignAgentPolicy      : Agent assigned to schema 'Widgets' (a12616c6-e5f0-4a5a-9258-212b6d42b6d9)
2026-02-14T13:28:39.385+01:00 DEBUG 42042 --- [nexora] [           main] c.n.shared.command.CommandDispatcher     : Dispatching command: DeleteRecordCommand with id: 9bc65c2e-115f-46ad-bdbb-17ab0976cd26
]]></system-out>
  </testcase>
  <testcase name="shouldReturn404ForNonExistentSchema" classname="com.nexora.recordschema.deleterecord.DeleteRecordE2ETest" time="0.009"/>
  <testcase name="shouldDeleteExistingRecord" classname="com.nexora.recordschema.deleterecord.DeleteRecordE2ETest" time="0.049">
    <system-out><![CDATA[2026-02-14T13:28:39.406+01:00 DEBUG 42042 --- [nexora] [           main] c.n.shared.command.CommandDispatcher     : Dispatching command: CreateRecordSchemaCommand with id: 7c79201f-5de3-4b2a-ad55-ac19df453588
2026-02-14T13:28:39.410+01:00 DEBUG 42042 --- [nexora] [           main] com.nexora.shared.event.EventPublisher   : Publishing event: RecordSchemaCreatedEvent with id: 5c9a2147-754e-49e1-bf44-1af120429aa4
2026-02-14T13:28:39.416+01:00 DEBUG 42042 --- [nexora] [           main] com.nexora.shared.event.EventPublisher   : Publishing event: AgentAssignedEvent with id: ada9cc66-b282-4cac-982f-d73621b472a9
2026-02-14T13:28:39.417+01:00  INFO 42042 --- [nexora] [           main] c.n.r.assignagent.AssignAgentPolicy      : Agent assigned to schema 'Items' (ef3bfca4-4f0f-413f-a195-8fde284e709b)
2026-02-14T13:28:39.421+01:00 DEBUG 42042 --- [nexora] [           main] c.n.shared.command.CommandDispatcher     : Dispatching command: InsertRecordCommand with id: a8828bf7-649c-4c11-830d-71a82a4d63ec
2026-02-14T13:28:39.440+01:00 DEBUG 42042 --- [nexora] [           main] com.nexora.shared.event.EventPublisher   : Publishing event: RecordInsertedEvent with id: 2db5c035-e80c-4f20-88f6-192fedb980a8
2026-02-14T13:28:39.444+01:00 DEBUG 42042 --- [nexora] [           main] c.n.shared.command.CommandDispatcher     : Dispatching command: DeleteRecordCommand with id: db8b44dd-0d93-4dc8-8e57-6181106d0e2e
2026-02-14T13:28:39.448+01:00 DEBUG 42042 --- [nexora] [           main] com.nexora.shared.event.EventPublisher   : Publishing event: RecordDeletedEvent with id: a7edcc44-4970-4a10-91a0-d394ffc90c0b
]]></system-out>
  </testcase>
</testsuite>